#
# There is insufficient memory for the Java Runtime Environment to continue.
# Native memory allocation (malloc) failed to allocate 1827920 bytes. Error detail: Chunk::new
# Possible reasons:
#   The system is out of physical RAM or swap space
#   This process is running with CompressedOops enabled, and the Java Heap may be blocking the growth of the native heap
# Possible solutions:
#   Reduce memory load on the system
#   Increase physical memory or swap space
#   Check if swap backing store is full
#   Decrease Java heap size (-Xmx/-Xms)
#   Decrease number of Java threads
#   Decrease Java thread stack sizes (-Xss)
#   Set larger code cache with -XX:ReservedCodeCacheSize=
#   JVM is running with Unscaled Compressed Oops mode in which the Java heap is
#     placed in the first 4GB address space. The Java Heap base address is the
#     maximum limit for the native heap growth. Please use -XX:HeapBaseMinAddress
#     to set the Java Heap base and to place the Java Heap above 4GB virtual address.
# This output file may be truncated or incomplete.
#
#  Out of Memory Error (arena.cpp:162), pid=17520, tid=28884
#
# JRE version: Java(TM) SE Runtime Environment (24.0.1+9) (build 24.0.1+9-30)
# Java VM: Java HotSpot(TM) 64-Bit Server VM (24.0.1+9-30, mixed mode, sharing, tiered, compressed oops, compressed class ptrs, g1 gc, windows-amd64)
# No core dump will be written. Minidumps are not enabled by default on client versions of Windows
#

---------------  S U M M A R Y ------------

Command Line: -Xmx64m -Xms64m -Dorg.gradle.appname=gradlew org.gradle.wrapper.GradleWrapperMain assembleDebug

Host: AMD Athlon Gold 3150U with Radeon Graphics     , 4 cores, 5G,  Windows 11 , 64 bit Build 26100 (10.0.26100.4768)
Time: Thu Aug 28 19:15:58 2025 South Africa Standard Time elapsed time: 541.640143 seconds (0d 0h 9m 1s)

---------------  T H R E A D  ---------------

Current thread (0x000002d6297bf1d0):  JavaThread "C2 CompilerThread0" daemon [_thread_in_native, id=28884, stack(0x000000ee97900000,0x000000ee97a00000) (1024K)]


Current CompileTask:
C2:541640 2387   !   4       org.gradle.internal.logging.console.DefaultAnsiExecutor::write (28 bytes)

Stack: [0x000000ee97900000,0x000000ee97a00000]
Native frames: (J=compiled Java code, j=interpreted, Vv=VM code, C=native code)
V  [jvm.dll+0x730739]  (no source info available)
V  [jvm.dll+0x8d9b23]  (no source info available)
V  [jvm.dll+0x8dc00d]  (no source info available)
V  [jvm.dll+0x8dc683]  (no source info available)
V  [jvm.dll+0x2aa086]  (no source info available)
V  [jvm.dll+0xcedef]  (no source info available)
V  [jvm.dll+0xcf04f]  (no source info available)
V  [jvm.dll+0x154d83]  (no source info available)
V  [jvm.dll+0x735f5f]  (no source info available)
V  [jvm.dll+0x26fa1c]  (no source info available)
V  [jvm.dll+0x26ea3f]  (no source info available)
V  [jvm.dll+0x1e9d60]  (no source info available)
V  [jvm.dll+0x27e1fb]  (no source info available)
V  [jvm.dll+0x27c49a]  (no source info available)
V  [jvm.dll+0x42f456]  (no source info available)
V  [jvm.dll+0x87d76b]  (no source info available)
V  [jvm.dll+0x72ee55]  (no source info available)
C  [ucrtbase.dll+0x37b0]  (no source info available)
C  [KERNEL32.DLL+0x2e8d7]  (no source info available)
C  [ntdll.dll+0x3c34c]  (no source info available)

Lock stack of current Java thread (top to bottom):


---------------  P R O C E S S  ---------------

Threads class SMR info:
_java_thread_list=0x000002d629aab890, length=13, elements={
0x000002d60d673760, 0x000002d60fb7fbd0, 0x000002d60fb83500, 0x000002d60fb8df30,
0x000002d60fb872c0, 0x000002d6297bdf60, 0x000002d6297be6a0, 0x000002d6297bf1d0,
0x000002d62982dec0, 0x000002d62985dc70, 0x000002d629868bf0, 0x000002d629a0a6c0,
0x000002d66f9a7790
}

Java Threads: ( => current thread )
  0x000002d60d673760 JavaThread "main"                              [_thread_in_native, id=25296, stack(0x000000ee96b00000,0x000000ee96c00000) (1024K)]
  0x000002d60fb7fbd0 JavaThread "Reference Handler"          daemon [_thread_blocked, id=27448, stack(0x000000ee97300000,0x000000ee97400000) (1024K)]
  0x000002d60fb83500 JavaThread "Finalizer"                  daemon [_thread_blocked, id=27708, stack(0x000000ee97400000,0x000000ee97500000) (1024K)]
  0x000002d60fb8df30 JavaThread "Signal Dispatcher"          daemon [_thread_blocked, id=29644, stack(0x000000ee97500000,0x000000ee97600000) (1024K)]
  0x000002d60fb872c0 JavaThread "Attach Listener"            daemon [_thread_blocked, id=28044, stack(0x000000ee97600000,0x000000ee97700000) (1024K)]
  0x000002d6297bdf60 JavaThread "Service Thread"             daemon [_thread_blocked, id=25988, stack(0x000000ee97700000,0x000000ee97800000) (1024K)]
  0x000002d6297be6a0 JavaThread "Monitor Deflation Thread"   daemon [_thread_blocked, id=26112, stack(0x000000ee97800000,0x000000ee97900000) (1024K)]
=>0x000002d6297bf1d0 JavaThread "C2 CompilerThread0"         daemon [_thread_in_native, id=28884, stack(0x000000ee97900000,0x000000ee97a00000) (1024K)]
  0x000002d62982dec0 JavaThread "C1 CompilerThread0"         daemon [_thread_blocked, id=29116, stack(0x000000ee97a00000,0x000000ee97b00000) (1024K)]
  0x000002d62985dc70 JavaThread "Notification Thread"        daemon [_thread_blocked, id=28032, stack(0x000000ee97b00000,0x000000ee97c00000) (1024K)]
  0x000002d629868bf0 JavaThread "Common-Cleaner"             daemon [_thread_blocked, id=22072, stack(0x000000ee97c00000,0x000000ee97d00000) (1024K)]
  0x000002d629a0a6c0 JavaThread "pool-1-thread-1"                   [_thread_in_native, id=17740, stack(0x000000ee97e00000,0x000000ee97f00000) (1024K)]
  0x000002d66f9a7790 JavaThread "C2 CompilerThread1"         daemon [_thread_in_native, id=5908, stack(0x000000ee96900000,0x000000ee96a00000) (1024K)]
Total: 13

Other Threads:
  0x000002d60fb70100 VMThread "VM Thread"                           [id=23804, stack(0x000000ee97200000,0x000000ee97300000) (1024K)]
  0x000002d60fb51420 WatcherThread "VM Periodic Task Thread"        [id=1508, stack(0x000000ee97100000,0x000000ee97200000) (1024K)]
  0x000002d60fae6ba0 WorkerThread "GC Thread#0"                     [id=19540, stack(0x000000ee96c00000,0x000000ee96d00000) (1024K)]
  0x000002d66f3330b0 WorkerThread "GC Thread#1"                     [id=25888, stack(0x000000ee97d00000,0x000000ee97e00000) (1024K)]
  0x000002d66f335e80 WorkerThread "GC Thread#2"                     [id=26376, stack(0x000000ee98000000,0x000000ee98100000) (1024K)]
  0x000002d66fd3b820 WorkerThread "GC Thread#3"                     [id=27356, stack(0x000000ee98100000,0x000000ee98200000) (1024K)]
  0x000002d60fae8600 ConcurrentGCThread "G1 Main Marker"            [id=27488, stack(0x000000ee96d00000,0x000000ee96e00000) (1024K)]
  0x000002d60fae9110 WorkerThread "G1 Conc#0"                       [id=16844, stack(0x000000ee96e00000,0x000000ee96f00000) (1024K)]
  0x000002d60fb451d0 ConcurrentGCThread "G1 Refine#0"               [id=15704, stack(0x000000ee96f00000,0x000000ee97000000) (1024K)]
  0x000002d60fb45d50 ConcurrentGCThread "G1 Service"                [id=25300, stack(0x000000ee97000000,0x000000ee97100000) (1024K)]
Total: 10

Threads with active compile tasks:
C2 CompilerThread0  542508 2387   !   4       org.gradle.internal.logging.console.DefaultAnsiExecutor::write (28 bytes)
C2 CompilerThread1  542508 2389       4       java.lang.StringBuilder::append (8 bytes)
Total: 2

VM state: not at safepoint (normal execution)

VM Mutex/Monitor currently owned by a thread: None

Heap address: 0x00000000fc000000, size: 64 MB, Compressed Oops mode: 32-bit

CDS archive(s) mapped at: [0x000002d62a000000-0x000002d62ad40000-0x000002d62ad40000), size 13893632, SharedBaseAddress: 0x000002d62a000000, ArchiveRelocationMode: 1.
Compressed class space mapped at: 0x000002d62b000000-0x000002d66b000000, reserved size: 1073741824
UseCompressedClassPointers 1, UseCompactObjectHeaders 0
Narrow klass pointer bits 32, Max shift 3
Narrow klass base: 0x000002d62a000000, Narrow klass shift: 0
Encoding Range: [0x000002d62a000000 - 0x000002d72a000000), (4294967296 bytes)
Klass Range:    [0x000002d62a000000 - 0x000002d66b000000), (1090519040 bytes)
Klass ID Range:  [8 - 1090519033) (1090519025)

GC Precious Log:
 CardTable entry size: 512
 Card Set container configuration: InlinePtr #cards 5 size 8 Array Of Cards #cards 10 size 36 Howl #buckets 4 coarsen threshold 1843 Howl Bitmap #cards 512 size 80 coarsen threshold 460 Card regions per heap region 1 cards per card region 2048
 CPUs: 4 total, 4 available
 Memory: 6020M
 Large Page Support: Disabled
 NUMA Support: Disabled
 Compressed Oops: Enabled (32-bit)
 Heap Region Size: 1M
 Heap Min Capacity: 64M
 Heap Initial Capacity: 64M
 Heap Max Capacity: 64M
 Pre-touch: Disabled
 Parallel Workers: 4
 Concurrent Workers: 1
 Concurrent Refinement Workers: 4
 Periodic GC: Disabled

Heap:
 garbage-first heap   total reserved 65536K, committed 65536K, used 23116K [0x00000000fc000000, 0x0000000100000000)
  region size 1024K, 17 young (17408K), 4 survivors (4096K)
 Metaspace       used 10178K, committed 10496K, reserved 1114112K
  class space    used 1066K, committed 1216K, reserved 1048576K

Heap Regions: E=young(eden), S=young(survivor), O=old, HS=humongous(starts), HC=humongous(continues), CS=collection set, F=free, TAMS=top-at-mark-start, PB=parsable bottom
|   0|0x00000000fc000000, 0x00000000fc100000, 0x00000000fc100000|100%|HS|  |TAMS 0x00000000fc000000| PB 0x00000000fc000000| Complete |  0
|   1|0x00000000fc100000, 0x00000000fc200000, 0x00000000fc200000|100%|HC|  |TAMS 0x00000000fc100000| PB 0x00000000fc100000| Complete |  0
|   2|0x00000000fc200000, 0x00000000fc300000, 0x00000000fc300000|100%|HC|  |TAMS 0x00000000fc200000| PB 0x00000000fc200000| Complete |  0
|   3|0x00000000fc300000, 0x00000000fc400000, 0x00000000fc400000|100%| O|  |TAMS 0x00000000fc300000| PB 0x00000000fc300000| Untracked |  0
|   4|0x00000000fc400000, 0x00000000fc500000, 0x00000000fc500000|100%| O|  |TAMS 0x00000000fc400000| PB 0x00000000fc400000| Untracked |  0
|   5|0x00000000fc500000, 0x00000000fc600000, 0x00000000fc600000|100%| O|  |TAMS 0x00000000fc500000| PB 0x00000000fc500000| Untracked |  0
|   6|0x00000000fc600000, 0x00000000fc675e90, 0x00000000fc700000| 46%| O|  |TAMS 0x00000000fc600000| PB 0x00000000fc600000| Untracked |  0
|   7|0x00000000fc700000, 0x00000000fc700000, 0x00000000fc800000|  0%| F|  |TAMS 0x00000000fc700000| PB 0x00000000fc700000| Untracked |  0
|   8|0x00000000fc800000, 0x00000000fc800000, 0x00000000fc900000|  0%| F|  |TAMS 0x00000000fc800000| PB 0x00000000fc800000| Untracked |  0
|   9|0x00000000fc900000, 0x00000000fc900000, 0x00000000fca00000|  0%| F|  |TAMS 0x00000000fc900000| PB 0x00000000fc900000| Untracked |  0
|  10|0x00000000fca00000, 0x00000000fca00000, 0x00000000fcb00000|  0%| F|  |TAMS 0x00000000fca00000| PB 0x00000000fca00000| Untracked |  0
|  11|0x00000000fcb00000, 0x00000000fcb00000, 0x00000000fcc00000|  0%| F|  |TAMS 0x00000000fcb00000| PB 0x00000000fcb00000| Untracked |  0
|  12|0x00000000fcc00000, 0x00000000fcc00000, 0x00000000fcd00000|  0%| F|  |TAMS 0x00000000fcc00000| PB 0x00000000fcc00000| Untracked |  0
|  13|0x00000000fcd00000, 0x00000000fcd00000, 0x00000000fce00000|  0%| F|  |TAMS 0x00000000fcd00000| PB 0x00000000fcd00000| Untracked |  0
|  14|0x00000000fce00000, 0x00000000fce00000, 0x00000000fcf00000|  0%| F|  |TAMS 0x00000000fce00000| PB 0x00000000fce00000| Untracked |  0
|  15|0x00000000fcf00000, 0x00000000fcf00000, 0x00000000fd000000|  0%| F|  |TAMS 0x00000000fcf00000| PB 0x00000000fcf00000| Untracked |  0
|  16|0x00000000fd000000, 0x00000000fd000000, 0x00000000fd100000|  0%| F|  |TAMS 0x00000000fd000000| PB 0x00000000fd000000| Untracked |  0
|  17|0x00000000fd100000, 0x00000000fd100000, 0x00000000fd200000|  0%| F|  |TAMS 0x00000000fd100000| PB 0x00000000fd100000| Untracked |  0
|  18|0x00000000fd200000, 0x00000000fd200000, 0x00000000fd300000|  0%| F|  |TAMS 0x00000000fd200000| PB 0x00000000fd200000| Untracked |  0
|  19|0x00000000fd300000, 0x00000000fd300000, 0x00000000fd400000|  0%| F|  |TAMS 0x00000000fd300000| PB 0x00000000fd300000| Untracked |  0
|  20|0x00000000fd400000, 0x00000000fd400000, 0x00000000fd500000|  0%| F|  |TAMS 0x00000000fd400000| PB 0x00000000fd400000| Untracked |  0
|  21|0x00000000fd500000, 0x00000000fd500000, 0x00000000fd600000|  0%| F|  |TAMS 0x00000000fd500000| PB 0x00000000fd500000| Untracked |  0
|  22|0x00000000fd600000, 0x00000000fd600000, 0x00000000fd700000|  0%| F|  |TAMS 0x00000000fd600000| PB 0x00000000fd600000| Untracked |  0
|  23|0x00000000fd700000, 0x00000000fd700000, 0x00000000fd800000|  0%| F|  |TAMS 0x00000000fd700000| PB 0x00000000fd700000| Untracked |  0
|  24|0x00000000fd800000, 0x00000000fd800000, 0x00000000fd900000|  0%| F|  |TAMS 0x00000000fd800000| PB 0x00000000fd800000| Untracked |  0
|  25|0x00000000fd900000, 0x00000000fd900000, 0x00000000fda00000|  0%| F|  |TAMS 0x00000000fd900000| PB 0x00000000fd900000| Untracked |  0
|  26|0x00000000fda00000, 0x00000000fda00000, 0x00000000fdb00000|  0%| F|  |TAMS 0x00000000fda00000| PB 0x00000000fda00000| Untracked |  0
|  27|0x00000000fdb00000, 0x00000000fdb00000, 0x00000000fdc00000|  0%| F|  |TAMS 0x00000000fdb00000| PB 0x00000000fdb00000| Untracked |  0
|  28|0x00000000fdc00000, 0x00000000fdd00000, 0x00000000fdd00000|100%| S|CS|TAMS 0x00000000fdc00000| PB 0x00000000fdc00000| Complete |  0
|  29|0x00000000fdd00000, 0x00000000fde00000, 0x00000000fde00000|100%| S|CS|TAMS 0x00000000fdd00000| PB 0x00000000fdd00000| Complete |  0
|  30|0x00000000fde00000, 0x00000000fde00000, 0x00000000fdf00000|  0%| F|  |TAMS 0x00000000fde00000| PB 0x00000000fde00000| Untracked |  0
|  31|0x00000000fdf00000, 0x00000000fdf00000, 0x00000000fe000000|  0%| F|  |TAMS 0x00000000fdf00000| PB 0x00000000fdf00000| Untracked |  0
|  32|0x00000000fe000000, 0x00000000fe000000, 0x00000000fe100000|  0%| F|  |TAMS 0x00000000fe000000| PB 0x00000000fe000000| Untracked |  0
|  33|0x00000000fe100000, 0x00000000fe100000, 0x00000000fe200000|  0%| F|  |TAMS 0x00000000fe100000| PB 0x00000000fe100000| Untracked |  0
|  34|0x00000000fe200000, 0x00000000fe300000, 0x00000000fe300000|100%| S|CS|TAMS 0x00000000fe200000| PB 0x00000000fe200000| Complete |  0
|  35|0x00000000fe300000, 0x00000000fe400000, 0x00000000fe400000|100%| S|CS|TAMS 0x00000000fe300000| PB 0x00000000fe300000| Complete |  0
|  36|0x00000000fe400000, 0x00000000fe400000, 0x00000000fe500000|  0%| F|  |TAMS 0x00000000fe400000| PB 0x00000000fe400000| Untracked |  0
|  37|0x00000000fe500000, 0x00000000fe500000, 0x00000000fe600000|  0%| F|  |TAMS 0x00000000fe500000| PB 0x00000000fe500000| Untracked |  0
|  38|0x00000000fe600000, 0x00000000fe600000, 0x00000000fe700000|  0%| F|  |TAMS 0x00000000fe600000| PB 0x00000000fe600000| Untracked |  0
|  39|0x00000000fe700000, 0x00000000fe700000, 0x00000000fe800000|  0%| F|  |TAMS 0x00000000fe700000| PB 0x00000000fe700000| Untracked |  0
|  40|0x00000000fe800000, 0x00000000fe800000, 0x00000000fe900000|  0%| F|  |TAMS 0x00000000fe800000| PB 0x00000000fe800000| Untracked |  0
|  41|0x00000000fe900000, 0x00000000fe900000, 0x00000000fea00000|  0%| F|  |TAMS 0x00000000fe900000| PB 0x00000000fe900000| Untracked |  0
|  42|0x00000000fea00000, 0x00000000fea00000, 0x00000000feb00000|  0%| F|  |TAMS 0x00000000fea00000| PB 0x00000000fea00000| Untracked |  0
|  43|0x00000000feb00000, 0x00000000feb00000, 0x00000000fec00000|  0%| F|  |TAMS 0x00000000feb00000| PB 0x00000000feb00000| Untracked |  0
|  44|0x00000000fec00000, 0x00000000fec00000, 0x00000000fed00000|  0%| F|  |TAMS 0x00000000fec00000| PB 0x00000000fec00000| Untracked |  0
|  45|0x00000000fed00000, 0x00000000fed00000, 0x00000000fee00000|  0%| F|  |TAMS 0x00000000fed00000| PB 0x00000000fed00000| Untracked |  0
|  46|0x00000000fee00000, 0x00000000fee00000, 0x00000000fef00000|  0%| F|  |TAMS 0x00000000fee00000| PB 0x00000000fee00000| Untracked |  0
|  47|0x00000000fef00000, 0x00000000fef00000, 0x00000000ff000000|  0%| F|  |TAMS 0x00000000fef00000| PB 0x00000000fef00000| Untracked |  0
|  48|0x00000000ff000000, 0x00000000ff000000, 0x00000000ff100000|  0%| F|  |TAMS 0x00000000ff000000| PB 0x00000000ff000000| Untracked |  0
|  49|0x00000000ff100000, 0x00000000ff1d4a48, 0x00000000ff200000| 83%| E|  |TAMS 0x00000000ff100000| PB 0x00000000ff100000| Complete |  0
|  50|0x00000000ff200000, 0x00000000ff300000, 0x00000000ff300000|100%| E|CS|TAMS 0x00000000ff200000| PB 0x00000000ff200000| Complete |  0
|  51|0x00000000ff300000, 0x00000000ff400000, 0x00000000ff400000|100%| E|CS|TAMS 0x00000000ff300000| PB 0x00000000ff300000| Complete |  0
|  52|0x00000000ff400000, 0x00000000ff500000, 0x00000000ff500000|100%| E|CS|TAMS 0x00000000ff400000| PB 0x00000000ff400000| Complete |  0
|  53|0x00000000ff500000, 0x00000000ff600000, 0x00000000ff600000|100%| E|CS|TAMS 0x00000000ff500000| PB 0x00000000ff500000| Complete |  0
|  54|0x00000000ff600000, 0x00000000ff700000, 0x00000000ff700000|100%| E|CS|TAMS 0x00000000ff600000| PB 0x00000000ff600000| Complete |  0
|  55|0x00000000ff700000, 0x00000000ff800000, 0x00000000ff800000|100%| E|CS|TAMS 0x00000000ff700000| PB 0x00000000ff700000| Complete |  0
|  56|0x00000000ff800000, 0x00000000ff900000, 0x00000000ff900000|100%| E|CS|TAMS 0x00000000ff800000| PB 0x00000000ff800000| Complete |  0
|  57|0x00000000ff900000, 0x00000000ffa00000, 0x00000000ffa00000|100%| E|CS|TAMS 0x00000000ff900000| PB 0x00000000ff900000| Complete |  0
|  58|0x00000000ffa00000, 0x00000000ffb00000, 0x00000000ffb00000|100%| E|CS|TAMS 0x00000000ffa00000| PB 0x00000000ffa00000| Complete |  0
|  59|0x00000000ffb00000, 0x00000000ffc00000, 0x00000000ffc00000|100%| E|CS|TAMS 0x00000000ffb00000| PB 0x00000000ffb00000| Complete |  0
|  60|0x00000000ffc00000, 0x00000000ffd00000, 0x00000000ffd00000|100%| E|  |TAMS 0x00000000ffc00000| PB 0x00000000ffc00000| Complete |  0
|  61|0x00000000ffd00000, 0x00000000ffe00000, 0x00000000ffe00000|100%| E|CS|TAMS 0x00000000ffd00000| PB 0x00000000ffd00000| Complete |  0
|  62|0x00000000ffe00000, 0x00000000fff00000, 0x00000000fff00000|100%| O|  |TAMS 0x00000000ffe00000| PB 0x00000000ffe00000| Untracked |  0
|  63|0x00000000fff00000, 0x00000000fff1d1c0, 0x0000000100000000| 11%| O|  |TAMS 0x00000000fff00000| PB 0x00000000fff00000| Untracked |  0

Card table byte_map: [0x000002d60d860000,0x000002d60d880000] _byte_map_base: 0x000002d60d080000

Marking Bits: (CMBitMap*) 0x000002d60fae72b0
 Bits: [0x000002d60f7c0000, 0x000002d60f8c0000)

Polling page: 0x000002d60d630000

Metaspace:

Usage:
  Non-class:      8.90 MB used.
      Class:      1.04 MB used.
       Both:      9.94 MB used.

Virtual space:
  Non-class space:       64.00 MB reserved,       9.06 MB ( 14%) committed,  1 nodes.
      Class space:        1.00 GB reserved,       1.19 MB ( <1%) committed,  1 nodes.
             Both:        1.06 GB reserved,      10.25 MB ( <1%) committed. 

Chunk freelists:
   Non-Class:  6.19 MB
       Class:  14.82 MB
        Both:  21.01 MB

MaxMetaspaceSize: unlimited
CompressedClassSpaceSize: 1.00 GB
Initial GC threshold: 21.00 MB
Current GC threshold: 21.00 MB
CDS: on
 - commit_granule_bytes: 65536.
 - commit_granule_words: 8192.
 - virtual_space_node_default_size: 8388608.
 - enlarge_chunks_in_place: 1.
UseCompressedClassPointers 1, UseCompactObjectHeaders 0
Narrow klass pointer bits 32, Max shift 3
Narrow klass base: 0x000002d62a000000, Narrow klass shift: 0
Encoding Range: [0x000002d62a000000 - 0x000002d72a000000), (4294967296 bytes)
Klass Range:    [0x000002d62a000000 - 0x000002d66b000000), (1090519040 bytes)
Klass ID Range:  [8 - 1090519033) (1090519025)


Internal statistics:

num_allocs_failed_limit: 0.
num_arena_births: 324.
num_arena_deaths: 0.
num_vsnodes_births: 2.
num_vsnodes_deaths: 0.
num_space_committed: 164.
num_space_uncommitted: 0.
num_chunks_returned_to_freelist: 0.
num_chunks_taken_from_freelist: 625.
num_chunk_merges: 0.
num_chunk_splits: 402.
num_chunks_enlarged: 276.
num_inconsistent_stats: 0.

CodeHeap 'non-profiled nmethods': size=120064Kb used=867Kb max_used=867Kb free=119196Kb
 bounds [0x000002d61fe30000, 0x000002d6200a0000, 0x000002d627370000]
CodeHeap 'profiled nmethods': size=120000Kb used=3776Kb max_used=3776Kb free=116223Kb
 bounds [0x000002d618370000, 0x000002d618730000, 0x000002d61f8a0000]
CodeHeap 'non-nmethods': size=5696Kb used=1343Kb max_used=1396Kb free=4352Kb
 bounds [0x000002d61f8a0000, 0x000002d61fb10000, 0x000002d61fe30000]
CodeCache: size=245760Kb, used=5986Kb, max_used=6039Kb, free=239771Kb
 total_blobs=2910, nmethods=2411, adapters=402, full_count=0
Compilation: enabled, stopped_count=0, restarted_count=0

Compilation events (20 events):
Event: 541.318 Thread 0x000002d62982dec0 2397       3       org.gradle.internal.logging.console.DefaultRedrawableLabel::isOverlappingWith (34 bytes)
Event: 541.319 Thread 0x000002d62982dec0 nmethod 2397 0x000002d618717e88 code [0x000002d618717fa0, 0x000002d618718140]
Event: 541.325 Thread 0x000002d62982dec0 2398       3       org.gradle.internal.logging.console.DefaultRedrawableLabel::newLineAdjustment (14 bytes)
Event: 541.325 Thread 0x000002d62982dec0 nmethod 2398 0x000002d618718188 code [0x000002d6187182a0, 0x000002d6187183b8]
Event: 541.330 Thread 0x000002d62982dec0 2399       3       org.gradle.internal.logging.text.AbstractLineChoppingStyledTextOutput$StateContext::flushLineText (113 bytes)
Event: 541.333 Thread 0x000002d62982dec0 nmethod 2399 0x000002d618718488 code [0x000002d618718680, 0x000002d618719410]
Event: 541.341 Thread 0x000002d62982dec0 2400       3       java.lang.System::checkKey (32 bytes)
Event: 541.344 Thread 0x000002d62982dec0 nmethod 2400 0x000002d618719488 code [0x000002d6187195e0, 0x000002d6187199f8]
Event: 541.449 Thread 0x000002d62982dec0 2401       3       java.lang.System::getProperty (12 bytes)
Event: 541.452 Thread 0x000002d62982dec0 nmethod 2401 0x000002d618719a88 code [0x000002d618719c00, 0x000002d61871a170]
Event: 541.456 Thread 0x000002d62982dec0 2402       1       org.gradle.internal.logging.console.AnsiConsole::access$100 (5 bytes)
Event: 541.457 Thread 0x000002d62982dec0 nmethod 2402 0x000002d61ff08208 code [0x000002d61ff08300, 0x000002d61ff083a8]
Event: 541.463 Thread 0x000002d62982dec0 2403       3       org.gradle.internal.logging.text.AbstractLineChoppingStyledTextOutput$StateContext::<init> (79 bytes)
Event: 541.464 Thread 0x000002d62982dec0 nmethod 2403 0x000002d61871a208 code [0x000002d61871a360, 0x000002d61871a958]
Event: 541.556 Thread 0x000002d62982dec0 2404       1       org.gradle.internal.logging.console.DefaultAnsiExecutor::access$300 (5 bytes)
Event: 541.557 Thread 0x000002d62982dec0 nmethod 2404 0x000002d61ff08508 code [0x000002d61ff08600, 0x000002d61ff086a8]
Event: 541.557 Thread 0x000002d62982dec0 2405       3       org.gradle.internal.logging.text.AbstractStyledTextOutput::text (19 bytes)
Event: 541.559 Thread 0x000002d62982dec0 nmethod 2405 0x000002d61871aa08 code [0x000002d61871ab40, 0x000002d61871ae30]
Event: 541.559 Thread 0x000002d62982dec0 2406       3       java.util.Arrays::copyOf (33 bytes)
Event: 541.560 Thread 0x000002d62982dec0 nmethod 2406 0x000002d61871ae88 code [0x000002d61871afc0, 0x000002d61871b3c0]

GC Heap History (4 events):
Event: 3.638 GC heap before
{Heap before GC invocations=0 (full 0):
 garbage-first heap   total reserved 65536K, committed 65536K, used 29812K [0x00000000fc000000, 0x0000000100000000)
  region size 1024K, 28 young (28672K), 0 survivors (0K)
 Metaspace       used 1828K, committed 1984K, reserved 1114112K
  class space    used 129K, committed 192K, reserved 1048576K
}
Event: 3.655 GC heap after
{Heap after GC invocations=1 (full 0):
 garbage-first heap   total reserved 65536K, committed 65536K, used 5236K [0x00000000fc000000, 0x0000000100000000)
  region size 1024K, 4 young (4096K), 4 survivors (4096K)
 Metaspace       used 1828K, committed 1984K, reserved 1114112K
  class space    used 129K, committed 192K, reserved 1048576K
}
Event: 7.375 GC heap before
{Heap before GC invocations=1 (full 0):
 garbage-first heap   total reserved 65536K, committed 65536K, used 33908K [0x00000000fc000000, 0x0000000100000000)
  region size 1024K, 30 young (30720K), 4 survivors (4096K)
 Metaspace       used 8008K, committed 8384K, reserved 1114112K
  class space    used 835K, committed 1024K, reserved 1048576K
}
Event: 7.394 GC heap after
{Heap after GC invocations=2 (full 0):
 garbage-first heap   total reserved 65536K, committed 65536K, used 11852K [0x00000000fc000000, 0x0000000100000000)
  region size 1024K, 4 young (4096K), 4 survivors (4096K)
 Metaspace       used 8008K, committed 8384K, reserved 1114112K
  class space    used 835K, committed 1024K, reserved 1048576K
}

Dll operation events (13 events):
Event: 0.043 Loaded shared library C:\Program Files\Java\jdk-24\bin\java.dll
Event: 0.146 Loaded shared library C:\Program Files\Java\jdk-24\bin\jsvml.dll
Event: 0.217 Loaded shared library C:\Program Files\Java\jdk-24\bin\net.dll
Event: 0.232 Loaded shared library C:\Program Files\Java\jdk-24\bin\nio.dll
Event: 0.252 Loaded shared library C:\Program Files\Java\jdk-24\bin\zip.dll
Event: 3.026 Loaded shared library C:\Program Files\Java\jdk-24\bin\jimage.dll
Event: 5.244 Loaded shared library C:\Program Files\Java\jdk-24\bin\verify.dll
Event: 5.604 Loaded shared library C:\Program Files\Java\jdk-24\bin\management.dll
Event: 5.620 Loaded shared library C:\Program Files\Java\jdk-24\bin\management_ext.dll
Event: 5.834 Loaded shared library C:\Users\musan\.gradle\native\1def1411415f61bf3af743bc5b6707747c0891f09f0c88961ee8f79bc544acac\windows-amd64\native-platform.dll
Event: 6.017 Loaded shared library C:\Users\musan\.gradle\native\jansi\1.18\windows64\jansi.dll
Event: 6.818 Loaded shared library C:\Program Files\Java\jdk-24\bin\extnet.dll
Event: 8.355 Loaded shared library C:\Program Files\Java\jdk-24\bin\sunmscapi.dll

Deoptimization events (20 events):
Event: 8.272 Thread 0x000002d629a0a6c0 DEOPT PACKING pc=0x000002d61fe5e470 sp=0x000000ee97efeda0
Event: 8.272 Thread 0x000002d629a0a6c0 DEOPT UNPACKING pc=0x000002d61f91e502 sp=0x000000ee97efed38 mode 2
Event: 8.272 Thread 0x000002d629a0a6c0 Uncommon trap: trap_request=0xffffffde fr.pc=0x000002d61fe5e470 relative=0x0000000000000070
Event: 8.272 Thread 0x000002d629a0a6c0 Uncommon trap: reason=class_check action=maybe_recompile pc=0x000002d61fe5e470 method=java.util.AbstractList$Itr.hasNext()Z @ 8 c2
Event: 8.272 Thread 0x000002d629a0a6c0 DEOPT PACKING pc=0x000002d61fe5e470 sp=0x000000ee97efeda0
Event: 8.272 Thread 0x000002d629a0a6c0 DEOPT UNPACKING pc=0x000002d61f91e502 sp=0x000000ee97efed38 mode 2
Event: 8.272 Thread 0x000002d629a0a6c0 Uncommon trap: trap_request=0xffffffde fr.pc=0x000002d61fe5ebe0 relative=0x00000000000000c0
Event: 8.272 Thread 0x000002d629a0a6c0 Uncommon trap: reason=class_check action=maybe_recompile pc=0x000002d61fe5ebe0 method=java.util.AbstractList$Itr.next()Ljava/lang/Object; @ 14 c2
Event: 8.272 Thread 0x000002d629a0a6c0 DEOPT PACKING pc=0x000002d61fe5ebe0 sp=0x000000ee97efed90
Event: 8.272 Thread 0x000002d629a0a6c0 DEOPT UNPACKING pc=0x000002d61f91e502 sp=0x000000ee97efed28 mode 2
Event: 8.273 Thread 0x000002d629a0a6c0 Uncommon trap: trap_request=0xffffffde fr.pc=0x000002d61fe5ebe0 relative=0x00000000000000c0
Event: 8.273 Thread 0x000002d629a0a6c0 Uncommon trap: reason=class_check action=maybe_recompile pc=0x000002d61fe5ebe0 method=java.util.AbstractList$Itr.next()Ljava/lang/Object; @ 14 c2
Event: 8.273 Thread 0x000002d629a0a6c0 DEOPT PACKING pc=0x000002d61fe5ebe0 sp=0x000000ee97efed90
Event: 8.273 Thread 0x000002d629a0a6c0 DEOPT UNPACKING pc=0x000002d61f91e502 sp=0x000000ee97efed28 mode 2
Event: 29.806 Thread 0x000002d629a0a6c0 DEOPT PACKING pc=0x000002d618553d31 sp=0x000000ee97efeb40
Event: 29.806 Thread 0x000002d629a0a6c0 DEOPT UNPACKING pc=0x000002d61f8f5722 sp=0x000000ee97efe008 mode 0
Event: 324.794 Thread 0x000002d629a0a6c0 DEOPT PACKING pc=0x000002d618553d31 sp=0x000000ee97efeb10
Event: 324.795 Thread 0x000002d629a0a6c0 DEOPT UNPACKING pc=0x000002d61f8f5722 sp=0x000000ee97efdfd8 mode 0
Event: 541.294 Thread 0x000002d629a0a6c0 DEOPT PACKING pc=0x000002d6186cc752 sp=0x000000ee97efe530
Event: 541.298 Thread 0x000002d629a0a6c0 DEOPT UNPACKING pc=0x000002d61f8f5722 sp=0x000000ee97efd9a0 mode 0

Classes loaded (20 events):
Event: 224.128 Loading class jdk/internal/logger/LazyLoggers
Event: 224.129 Loading class jdk/internal/logger/LazyLoggers done
Event: 224.129 Loading class jdk/internal/logger/LazyLoggers$1
Event: 224.130 Loading class jdk/internal/logger/LazyLoggers$1 done
Event: 224.130 Loading class jdk/internal/logger/LazyLoggers$LazyLoggerFactories
Event: 224.130 Loading class jdk/internal/logger/LazyLoggers$LazyLoggerFactories done
Event: 224.136 Loading class jdk/internal/logger/LoggerFinderLoader
Event: 224.137 Loading class jdk/internal/logger/LoggerFinderLoader done
Event: 224.160 Loading class jdk/internal/logger/LoggerFinderLoader$TemporaryLoggerFinder
Event: 224.160 Loading class jdk/internal/logger/LoggerFinderLoader$TemporaryLoggerFinder done
Event: 224.175 Loading class sun/util/logging/internal/LoggingProviderImpl$JULWrapper
Event: 224.177 Loading class sun/util/logging/PlatformLogger$ConfigurableBridge$LoggerConfiguration
Event: 224.177 Loading class sun/util/logging/PlatformLogger$ConfigurableBridge$LoggerConfiguration done
Event: 224.177 Loading class sun/util/logging/internal/LoggingProviderImpl$JULWrapper done
Event: 224.179 Loading class java/io/ObjectInputFilter$Config$BuiltinFilterFactory
Event: 224.180 Loading class java/io/ObjectInputFilter$Config$BuiltinFilterFactory done
Event: 224.180 Loading class jdk/internal/access/JavaObjectInputFilterAccess
Event: 224.181 Loading class jdk/internal/access/JavaObjectInputFilterAccess done
Event: 224.187 Loading class java/lang/System$Logger$Level
Event: 224.189 Loading class java/lang/System$Logger$Level done

Classes unloaded (0 events):
No events

Classes redefined (0 events):
No events

Internal exceptions (20 events):
Event: 7.102 Thread 0x000002d60d673760 Exception <a 'java/lang/NoSuchMethodError'{0x00000000fe721d08}: 'java.lang.Object java.lang.invoke.DirectMethodHandle$Holder.invokeStatic(java.lang.Object, java.lang.Object, java.lang.Object, java.lang.Object, java.lang.Object, java.lang.Object, java.lang.Object, java.lang.Object, java.lang.Object, java.lang.Object, java.lang.Object, java.lang.Object, java.lang.Object, java.lang.Object, java.lang.Object, java.lang.Object)'> (0x00000000fe721d08) 
thrown [s\open\src\hotspot\share\interpreter\linkResolver.cpp
Event: 7.111 Thread 0x000002d60d673760 Exception <a 'java/lang/NoSuchMethodError'{0x00000000fe750e68}: 'java.lang.Object java.lang.invoke.DirectMethodHandle$Holder.invokeStatic(java.lang.Object, java.lang.Object, java.lang.Object, java.lang.Object, java.lang.Object, java.lang.Object, java.lang.Object, java.lang.Object, java.lang.Object, java.lang.Object, java.lang.Object, java.lang.Object, java.lang.Object, java.lang.Object, java.lang.Object, java.lang.Object, java.lang.Object)'> (0x00000000fe750e68) 
thrown [s\open\src\hotspot\share\interprete
Event: 7.122 Thread 0x000002d60d673760 Exception <a 'java/lang/NoSuchMethodError'{0x00000000fe7818b0}: 'java.lang.Object java.lang.invoke.DirectMethodHandle$Holder.invokeStatic(java.lang.Object, java.lang.Object, java.lang.Object, java.lang.Object, java.lang.Object, java.lang.Object, java.lang.Object, java.lang.Object, java.lang.Object, java.lang.Object, java.lang.Object, java.lang.Object, java.lang.Object, java.lang.Object, java.lang.Object, java.lang.Object, java.lang.Object, java.lang.Object)'> (0x00000000fe7818b0) 
thrown [s\open\src\hotspo
Event: 7.128 Thread 0x000002d60d673760 Exception <a 'java/lang/NoSuchMethodError'{0x00000000fe7b3028}: 'java.lang.Object java.lang.invoke.DirectMethodHandle$Holder.invokeStatic(java.lang.Object, java.lang.Object, java.lang.Object, java.lang.Object, java.lang.Object, java.lang.Object, java.lang.Object, java.lang.Object, java.lang.Object, java.lang.Object, java.lang.Object, java.lang.Object, java.lang.Object, java.lang.Object, java.lang.Object, java.lang.Object, java.lang.Object, java.lang.Object, java.lang.Object)'> (0x00000000fe7b3028) 
thrown 
Event: 7.138 Thread 0x000002d60d673760 Exception <a 'java/lang/NoSuchMethodError'{0x00000000fe7e6680}: 'java.lang.Object java.lang.invoke.DirectMethodHandle$Holder.invokeStatic(java.lang.Object, java.lang.Object, java.lang.Object, java.lang.Object, java.lang.Object, java.lang.Object, java.lang.Object, java.lang.Object, java.lang.Object, java.lang.Object, java.lang.Object, java.lang.Object, java.lang.Object, java.lang.Object, java.lang.Object, java.lang.Object, java.lang.Object, java.lang.Object, java.lang.Object, java.lang.Object)'> (0x00000000
Event: 7.144 Thread 0x000002d60d673760 Exception <a 'java/lang/NoSuchMethodError'{0x00000000fe619e68}: 'java.lang.Object java.lang.invoke.DirectMethodHandle$Holder.invokeStatic(java.lang.Object, java.lang.Object, java.lang.Object, java.lang.Object, java.lang.Object, java.lang.Object, java.lang.Object, java.lang.Object, java.lang.Object, java.lang.Object, java.lang.Object, java.lang.Object, java.lang.Object, java.lang.Object, java.lang.Object, java.lang.Object, java.lang.Object, java.lang.Object, java.lang.Object, java.lang.Object, java.lang.Obj
Event: 7.167 Thread 0x000002d60d673760 Exception <a 'java/lang/NoSuchMethodError'{0x00000000fe64e278}: 'java.lang.Object java.lang.invoke.DirectMethodHandle$Holder.invokeStatic(java.lang.Object, java.lang.Object, java.lang.Object, java.lang.Object, java.lang.Object, java.lang.Object, java.lang.Object, java.lang.Object, java.lang.Object, java.lang.Object, java.lang.Object, java.lang.Object, java.lang.Object, java.lang.Object, java.lang.Object, java.lang.Object, java.lang.Object, java.lang.Object, java.lang.Object, java.lang.Object, java.lang.Obj
Event: 7.173 Thread 0x000002d60d673760 Exception <a 'java/lang/NoSuchMethodError'{0x00000000fe683308}: 'java.lang.Object java.lang.invoke.DirectMethodHandle$Holder.invokeStatic(java.lang.Object, java.lang.Object, java.lang.Object, java.lang.Object, java.lang.Object, java.lang.Object, java.lang.Object, java.lang.Object, java.lang.Object, java.lang.Object, java.lang.Object, java.lang.Object, java.lang.Object, java.lang.Object, java.lang.Object, java.lang.Object, java.lang.Object, java.lang.Object, java.lang.Object, java.lang.Object, java.lang.Obj
Event: 7.183 Thread 0x000002d60d673760 Exception <a 'java/lang/NoSuchMethodError'{0x00000000fe6b90e0}: 'java.lang.Object java.lang.invoke.DirectMethodHandle$Holder.invokeStatic(java.lang.Object, java.lang.Object, java.lang.Object, java.lang.Object, java.lang.Object, java.lang.Object, java.lang.Object, java.lang.Object, java.lang.Object, java.lang.Object, java.lang.Object, java.lang.Object, java.lang.Object, java.lang.Object, java.lang.Object, java.lang.Object, java.lang.Object, java.lang.Object, java.lang.Object, java.lang.Object, java.lang.Obj
Event: 7.191 Thread 0x000002d60d673760 Exception <a 'java/lang/NoSuchMethodError'{0x00000000fe6f0620}: 'java.lang.Object java.lang.invoke.DirectMethodHandle$Holder.invokeStatic(java.lang.Object, java.lang.Object, java.lang.Object, java.lang.Object, java.lang.Object, java.lang.Object, java.lang.Object, java.lang.Object, java.lang.Object, java.lang.Object, java.lang.Object, java.lang.Object, java.lang.Object, java.lang.Object, java.lang.Object, java.lang.Object, java.lang.Object, java.lang.Object, java.lang.Object, java.lang.Object, java.lang.Obj
Event: 7.207 Thread 0x000002d60d673760 Exception <a 'java/lang/NoSuchMethodError'{0x00000000fe5312b0}: 'java.lang.Object java.lang.invoke.DirectMethodHandle$Holder.invokeSpecial(java.lang.Object, java.lang.Object, java.lang.Object, java.lang.Object, java.lang.Object, java.lang.Object, java.lang.Object, java.lang.Object, java.lang.Object, java.lang.Object, java.lang.Object, java.lang.Object, java.lang.Object, java.lang.Object, java.lang.Object, java.lang.Object, java.lang.Object, java.lang.Object, java.lang.Object, java.lang.Object, java.lang.Ob
Event: 7.210 Thread 0x000002d60d673760 Exception <a 'java/lang/NoSuchMethodError'{0x00000000fe54d878}: 'java.lang.Object java.lang.invoke.DirectMethodHandle$Holder.newInvokeSpecial(java.lang.Object, java.lang.Object, java.lang.Object, java.lang.Object, java.lang.Object, java.lang.Object, java.lang.Object, java.lang.Object, java.lang.Object, java.lang.Object, java.lang.Object, java.lang.Object, java.lang.Object, java.lang.Object, java.lang.Object, java.lang.Object, java.lang.Object, java.lang.Object, java.lang.Object, java.lang.Object, java.lang
Event: 7.211 Thread 0x000002d60d673760 Exception <a 'java/lang/NoSuchMethodError'{0x00000000fe557618}: 'java.lang.Object java.lang.invoke.Invokers$Holder.linkToTargetMethod(java.lang.Object, java.lang.Object, java.lang.Object, java.lang.Object, java.lang.Object, java.lang.Object, java.lang.Object, java.lang.Object, java.lang.Object, java.lang.Object, java.lang.Object, java.lang.Object, java.lang.Object, java.lang.Object, java.lang.Object, java.lang.Object, java.lang.Object, java.lang.Object, java.lang.Object, java.lang.Object, java.lang.Object,
Event: 7.226 Thread 0x000002d60d673760 Exception <a 'java/lang/NoSuchMethodError'{0x00000000fe560fc8}: 'java.lang.Object java.lang.invoke.DirectMethodHandle$Holder.invokeVirtual(java.lang.Object, java.lang.Object, java.lang.Object, java.lang.Object, java.lang.Object, java.lang.Object, java.lang.Object, java.lang.Object, java.lang.Object, java.lang.Object)'> (0x00000000fe560fc8) 
thrown [s\open\src\hotspot\share\interpreter\linkResolver.cpp, line 805]
Event: 7.303 Thread 0x000002d60d673760 Exception <a 'java/lang/NoSuchMethodError'{0x00000000fe465cf0}: 'java.lang.Object java.lang.invoke.DirectMethodHandle$Holder.invokeVirtual(java.lang.Object, java.lang.Object, java.lang.Object, java.lang.Object, java.lang.Object, java.lang.Object, java.lang.Object, java.lang.Object, java.lang.Object)'> (0x00000000fe465cf0) 
thrown [s\open\src\hotspot\share\interpreter\linkResolver.cpp, line 805]
Event: 7.492 Thread 0x000002d60d673760 Exception <a 'java/lang/NoSuchMethodError'{0x00000000ffda0a80}: 'java.lang.Object java.lang.invoke.DirectMethodHandle$Holder.invokeVirtual(java.lang.Object, java.lang.Object, java.lang.Object, java.lang.Object, java.lang.Object, java.lang.Object, java.lang.Object, java.lang.Object)'> (0x00000000ffda0a80) 
thrown [s\open\src\hotspot\share\interpreter\linkResolver.cpp, line 805]
Event: 7.722 Thread 0x000002d60d673760 Exception <a 'java/lang/NoSuchMethodError'{0x00000000ffc4fc60}: 'java.lang.Object java.lang.invoke.DirectMethodHandle$Holder.invokeStaticInit(java.lang.Object, int, int, int, int)'> (0x00000000ffc4fc60) 
thrown [s\open\src\hotspot\share\interpreter\linkResolver.cpp, line 805]
Event: 7.924 Thread 0x000002d60d673760 Exception <a 'java/lang/NoSuchMethodError'{0x00000000ffcd7fc0}: 'java.lang.Object java.lang.invoke.DirectMethodHandle$Holder.invokeStaticInit(java.lang.Object, java.lang.Object, int, int, int, int)'> (0x00000000ffcd7fc0) 
thrown [s\open\src\hotspot\share\interpreter\linkResolver.cpp, line 805]
Event: 8.037 Thread 0x000002d60d673760 Implicit null exception at 0x000002d61fe6e4f4 to 0x000002d61fe6e9e0
Event: 8.051 Thread 0x000002d60d673760 Exception <a 'java/lang/NoSuchMethodError'{0x00000000ffbbe1f8}: 'void java.lang.invoke.DirectMethodHandle$Holder.invokeInterface(java.lang.Object, java.lang.Object, java.lang.Object)'> (0x00000000ffbbe1f8) 
thrown [s\open\src\hotspot\share\interpreter\linkResolver.cpp, line 805]

VM Operations (20 events):
Event: 240.500 Executing VM operation: HandshakeAllThreads (HandshakeForDeflation)
Event: 240.501 Executing VM operation: HandshakeAllThreads (HandshakeForDeflation) done
Event: 240.501 Executing VM operation: RendezvousGCThreads
Event: 240.501 Executing VM operation: RendezvousGCThreads done
Event: 300.622 Executing VM operation: HandshakeAllThreads (HandshakeForDeflation)
Event: 300.624 Executing VM operation: HandshakeAllThreads (HandshakeForDeflation) done
Event: 300.624 Executing VM operation: RendezvousGCThreads
Event: 300.624 Executing VM operation: RendezvousGCThreads done
Event: 360.843 Executing VM operation: HandshakeAllThreads (HandshakeForDeflation)
Event: 360.845 Executing VM operation: HandshakeAllThreads (HandshakeForDeflation) done
Event: 360.845 Executing VM operation: RendezvousGCThreads
Event: 360.845 Executing VM operation: RendezvousGCThreads done
Event: 422.432 Executing VM operation: HandshakeAllThreads (HandshakeForDeflation)
Event: 422.440 Executing VM operation: HandshakeAllThreads (HandshakeForDeflation) done
Event: 422.440 Executing VM operation: RendezvousGCThreads
Event: 422.440 Executing VM operation: RendezvousGCThreads done
Event: 482.565 Executing VM operation: HandshakeAllThreads (HandshakeForDeflation)
Event: 482.808 Executing VM operation: HandshakeAllThreads (HandshakeForDeflation) done
Event: 482.808 Executing VM operation: RendezvousGCThreads
Event: 482.808 Executing VM operation: RendezvousGCThreads done

Memory protections (0 events):
No events

Nmethod flushes (0 events):
No events

Events (17 events):
Event: 0.100 Thread 0x000002d60d673760 Thread added: 0x000002d60d673760
Event: 0.140 Thread 0x000002d60d673760 Thread added: 0x000002d60fb7fbd0
Event: 0.141 Thread 0x000002d60d673760 Thread added: 0x000002d60fb83500
Event: 0.141 Thread 0x000002d60d673760 Thread added: 0x000002d60fb8df30
Event: 0.142 Thread 0x000002d60d673760 Thread added: 0x000002d60fb872c0
Event: 0.142 Thread 0x000002d60d673760 Thread added: 0x000002d6297bdf60
Event: 0.142 Thread 0x000002d60d673760 Thread added: 0x000002d6297be6a0
Event: 0.142 Thread 0x000002d60d673760 Thread added: 0x000002d6297bf1d0
Event: 0.151 Thread 0x000002d60d673760 Thread added: 0x000002d62982dec0
Event: 0.177 Thread 0x000002d60d673760 Thread added: 0x000002d62985dc70
Event: 0.192 Thread 0x000002d60d673760 Thread added: 0x000002d629868bf0
Event: 2.992 Thread 0x000002d6297bf1d0 Thread added: 0x000002d629bcae40
Event: 3.521 Thread 0x000002d629bcae40 Thread exited: 0x000002d629bcae40
Event: 6.092 Thread 0x000002d60d673760 Thread added: 0x000002d629a0a6c0
Event: 7.315 Thread 0x000002d62982dec0 Thread added: 0x000002d66f8b4980
Event: 7.485 Thread 0x000002d66f8b4980 Thread exited: 0x000002d66f8b4980
Event: 541.297 Thread 0x000002d62982dec0 Thread added: 0x000002d66f9a7790


Dynamic libraries:
0x00007ff6a8690000 - 0x00007ff6a86a0000 	C:\Program Files\Java\jdk-24\bin\java.exe
0x00007ff976dc0000 - 0x00007ff977027000 	C:\WINDOWS\SYSTEM32\ntdll.dll
0x00007ff975e10000 - 0x00007ff975ed9000 	C:\WINDOWS\System32\KERNEL32.DLL
0x00007ff974750000 - 0x00007ff974b40000 	C:\WINDOWS\System32\KERNELBASE.dll
0x00007ff973f90000 - 0x00007ff9740db000 	C:\WINDOWS\System32\ucrtbase.dll
0x00007ff966600000 - 0x00007ff966616000 	C:\Program Files\Java\jdk-24\bin\jli.dll
0x00007ff974c80000 - 0x00007ff974e45000 	C:\WINDOWS\System32\USER32.dll
0x00007ff9743b0000 - 0x00007ff9743d7000 	C:\WINDOWS\System32\win32u.dll
0x00007ff976c70000 - 0x00007ff976c9b000 	C:\WINDOWS\System32\GDI32.dll
0x00007ff974610000 - 0x00007ff974748000 	C:\WINDOWS\System32\gdi32full.dll
0x00007ff9743e0000 - 0x00007ff974483000 	C:\WINDOWS\System32\msvcp_win.dll
0x00007ff9665e0000 - 0x00007ff9665fb000 	C:\Program Files\Java\jdk-24\bin\VCRUNTIME140.dll
0x00007ff9621e0000 - 0x00007ff96247a000 	C:\WINDOWS\WinSxS\amd64_microsoft.windows.common-controls_6595b64144ccf1df_6.0.26100.4768_none_3e0c112ce331287c\COMCTL32.dll
0x00007ff976a50000 - 0x00007ff976af9000 	C:\WINDOWS\System32\msvcrt.dll
0x00007ff976a10000 - 0x00007ff976a3f000 	C:\WINDOWS\System32\IMM32.DLL
0x00007ff965340000 - 0x00007ff96534c000 	C:\Program Files\Java\jdk-24\bin\vcruntime140_1.dll
0x00007ff9461e0000 - 0x00007ff94626e000 	C:\Program Files\Java\jdk-24\bin\msvcp140.dll
0x00007ff92c800000 - 0x00007ff92d5a2000 	C:\Program Files\Java\jdk-24\bin\server\jvm.dll
0x00007ff976510000 - 0x00007ff9765c4000 	C:\WINDOWS\System32\ADVAPI32.dll
0x00007ff9765d0000 - 0x00007ff976676000 	C:\WINDOWS\System32\sechost.dll
0x00007ff974b50000 - 0x00007ff974c68000 	C:\WINDOWS\System32\RPCRT4.dll
0x00007ff975ee0000 - 0x00007ff975f54000 	C:\WINDOWS\System32\WS2_32.dll
0x00007ff973d70000 - 0x00007ff973dce000 	C:\WINDOWS\SYSTEM32\POWRPROF.dll
0x00007ff96cca0000 - 0x00007ff96ccd5000 	C:\WINDOWS\SYSTEM32\WINMM.dll
0x00007ff96cce0000 - 0x00007ff96cceb000 	C:\WINDOWS\SYSTEM32\VERSION.dll
0x00007ff973d30000 - 0x00007ff973d44000 	C:\WINDOWS\SYSTEM32\UMPDC.dll
0x00007ff972c70000 - 0x00007ff972c8b000 	C:\WINDOWS\SYSTEM32\kernel.appcore.dll
0x00007ff962620000 - 0x00007ff96262a000 	C:\Program Files\Java\jdk-24\bin\jimage.dll
0x00007ff971870000 - 0x00007ff971ab1000 	C:\WINDOWS\SYSTEM32\DBGHELP.DLL
0x00007ff976680000 - 0x00007ff976a05000 	C:\WINDOWS\System32\combase.dll
0x00007ff976b00000 - 0x00007ff976be0000 	C:\WINDOWS\System32\OLEAUT32.dll
0x00007ff95ac00000 - 0x00007ff95ac43000 	C:\WINDOWS\SYSTEM32\dbgcore.DLL
0x00007ff973ef0000 - 0x00007ff973f89000 	C:\WINDOWS\System32\bcryptPrimitives.dll
0x00007ff95f9d0000 - 0x00007ff95f9ee000 	C:\Program Files\Java\jdk-24\bin\java.dll
0x00007ff976050000 - 0x00007ff9761f0000 	C:\WINDOWS\System32\ole32.dll
0x00007ff974e50000 - 0x00007ff97559d000 	C:\WINDOWS\System32\SHELL32.dll
0x00007ff974230000 - 0x00007ff9743a3000 	C:\WINDOWS\System32\wintypes.dll
0x00007ff971af0000 - 0x00007ff972350000 	C:\WINDOWS\SYSTEM32\windows.storage.dll
0x00007ff9755a0000 - 0x00007ff975695000 	C:\WINDOWS\System32\SHCORE.dll
0x00007ff976330000 - 0x00007ff97639a000 	C:\WINDOWS\System32\shlwapi.dll
0x00007ff973e10000 - 0x00007ff973e39000 	C:\WINDOWS\SYSTEM32\profapi.dll
0x00007ff932b60000 - 0x00007ff932c37000 	C:\Program Files\Java\jdk-24\bin\jsvml.dll
0x00007ff95f740000 - 0x00007ff95f750000 	C:\Program Files\Java\jdk-24\bin\net.dll
0x00007ff973200000 - 0x00007ff97326b000 	C:\WINDOWS\system32\mswsock.dll
0x00007ff950560000 - 0x00007ff950576000 	C:\Program Files\Java\jdk-24\bin\nio.dll
0x00007ff950860000 - 0x00007ff950877000 	C:\Program Files\Java\jdk-24\bin\zip.dll
0x00007ff95f6b0000 - 0x00007ff95f6c0000 	C:\Program Files\Java\jdk-24\bin\verify.dll
0x00007ff95f540000 - 0x00007ff95f54a000 	C:\Program Files\Java\jdk-24\bin\management.dll
0x00007ff95f4c0000 - 0x00007ff95f4cb000 	C:\Program Files\Java\jdk-24\bin\management_ext.dll
0x00007ff975f60000 - 0x00007ff975f68000 	C:\WINDOWS\System32\PSAPI.DLL
0x00007ff9280f0000 - 0x00007ff928117000 	C:\Users\musan\.gradle\native\1def1411415f61bf3af743bc5b6707747c0891f09f0c88961ee8f79bc544acac\windows-amd64\native-platform.dll
0x00007ff95f440000 - 0x00007ff95f44a000 	C:\Users\musan\.gradle\native\jansi\1.18\windows64\jansi.dll
0x00007ff972660000 - 0x00007ff972693000 	C:\WINDOWS\SYSTEM32\IPHLPAPI.DLL
0x00007ff9756b0000 - 0x00007ff9756ba000 	C:\WINDOWS\System32\NSI.dll
0x00007ff95f380000 - 0x00007ff95f389000 	C:\Program Files\Java\jdk-24\bin\extnet.dll
0x00007ff9734c0000 - 0x00007ff9734db000 	C:\WINDOWS\SYSTEM32\CRYPTSP.dll
0x00007ff972bd0000 - 0x00007ff972c0b000 	C:\WINDOWS\system32\rsaenh.dll
0x00007ff9732a0000 - 0x00007ff9732cb000 	C:\WINDOWS\SYSTEM32\USERENV.dll
0x00007ff973de0000 - 0x00007ff973e06000 	C:\WINDOWS\SYSTEM32\bcrypt.dll
0x00007ff9734e0000 - 0x00007ff9734ec000 	C:\WINDOWS\SYSTEM32\CRYPTBASE.dll
0x00007ff95c6b0000 - 0x00007ff95c6be000 	C:\Program Files\Java\jdk-24\bin\sunmscapi.dll
0x00007ff974490000 - 0x00007ff974607000 	C:\WINDOWS\System32\CRYPT32.dll
0x00007ff9736e0000 - 0x00007ff973710000 	C:\WINDOWS\SYSTEM32\ncrypt.dll
0x00007ff973690000 - 0x00007ff9736cf000 	C:\WINDOWS\SYSTEM32\NTASN1.dll
0x00007ff96e940000 - 0x00007ff96e948000 	C:\WINDOWS\system32\wshunix.dll

JVMTI agents: none

dbghelp: loaded successfully - version: 4.0.5 - missing functions: none
symbol engine: initialized successfully - sym options: 0x614 - pdb path: .;C:\Program Files\Java\jdk-24\bin;C:\WINDOWS\SYSTEM32;C:\WINDOWS\WinSxS\amd64_microsoft.windows.common-controls_6595b64144ccf1df_6.0.26100.4768_none_3e0c112ce331287c;C:\Program Files\Java\jdk-24\bin\server;C:\Users\musan\.gradle\native\1def1411415f61bf3af743bc5b6707747c0891f09f0c88961ee8f79bc544acac\windows-amd64;C:\Users\musan\.gradle\native\jansi\1.18\windows64

VM Arguments:
jvm_args: -Xmx64m -Xms64m -Dorg.gradle.appname=gradlew 
java_command: org.gradle.wrapper.GradleWrapperMain assembleDebug
java_class_path (initial): C:\Users\musan\OneDrive - ADvTECH Ltd\Goal Getters FC\\gradle\wrapper\gradle-wrapper.jar
Launcher Type: SUN_STANDARD

[Global flags]
     intx CICompilerCount                          = 3                                         {product} {ergonomic}
     uint ConcGCThreads                            = 1                                         {product} {ergonomic}
     uint G1ConcRefinementThreads                  = 4                                         {product} {ergonomic}
   size_t G1HeapRegionSize                         = 1048576                                   {product} {ergonomic}
   size_t InitialHeapSize                          = 67108864                                  {product} {command line}
   size_t MarkStackSize                            = 4194304                                   {product} {ergonomic}
   size_t MarkStackSizeMax                         = 536870912                                 {product} {ergonomic}
   size_t MaxHeapSize                              = 67108864                                  {product} {command line}
   size_t MaxNewSize                               = 39845888                                  {product} {ergonomic}
   size_t MinHeapDeltaBytes                        = 1048576                                   {product} {ergonomic}
   size_t MinHeapSize                              = 67108864                                  {product} {command line}
    uintx NonNMethodCodeHeapSize                   = 5832704                                {pd product} {ergonomic}
    uintx NonProfiledCodeHeapSize                  = 122945536                              {pd product} {ergonomic}
    uintx ProfiledCodeHeapSize                     = 122880000                              {pd product} {ergonomic}
    uintx ReservedCodeCacheSize                    = 251658240                              {pd product} {ergonomic}
     bool SegmentedCodeCache                       = true                                      {product} {ergonomic}
   size_t SoftMaxHeapSize                          = 67108864                               {manageable} {ergonomic}
     bool UseCompressedOops                        = true                           {product lp64_product} {ergonomic}
     bool UseG1GC                                  = true                                      {product} {ergonomic}
     bool UseLargePagesIndividualAllocation        = false                                  {pd product} {ergonomic}

Logging:
Log output configuration:
 #0: stdout all=warning uptime,level,tags foldmultilines=false
 #1: stderr all=off uptime,level,tags foldmultilines=false

Environment Variables:
CLASSPATH=C:\Users\musan\OneDrive - ADvTECH Ltd\Goal Getters FC\\gradle\wrapper\gradle-wrapper.jar
PATH=C:\Program Files\PowerShell\7;c:\Users\musan\AppData\Local\Programs\cursor\resources\app\bin;C:\Program Files\Common Files\Oracle\Java\javapath;C:\WINDOWS\system32;C:\WINDOWS;C:\WINDOWS\System32\Wbem;C:\WINDOWS\System32\WindowsPowerShell\v1.0\;C:\WINDOWS\System32\OpenSSH\;C:\Program Files\Microsoft SQL Server\150\Tools\Binn\;C:\Program Files\Microsoft SQL Server\Client SDK\ODBC\170\Tools\Binn\;C:\Program Files\dotnet\;C:\Program Files (x86)\Windows Kits\10\Windows Performance Toolkit\;C:\Users\musan\AppData\Local\Microsoft\WindowsApps;C:\Users\musan\.dotnet\tools;C:\Users\musan\AppData\Local\Programs\cursor\resources\app\bin;c:\Users\musan\AppData\Local\Programs\cursor\resources\app\bin;C:\Program Files (x86)\Microsoft SQL Server\160\Tools\Binn\;C:\Program Files\Microsoft SQL Server\160\Tools\Binn\;C:\Program Files\Microsoft SQL Server\160\DTS\Binn\;C:\Program Files\PowerShell\7\;C:\Program Files\Git\cmd;C:\Users\musan\AppData\Local\Microsoft\WindowsApps;C:\Users\musan\AppData\Local\Programs\Microsoft VS Code\bin;C:\Users\musan\.dotnet\tools;C:\Users\musan\AppData\Local\Programs\cursor\resources\app\bin
USERNAME=musan
LANG=en_US.UTF-8
OS=Windows_NT
PROCESSOR_IDENTIFIER=AMD64 Family 23 Model 24 Stepping 1, AuthenticAMD
TMP=C:\Users\musan\AppData\Local\Temp
TEMP=C:\Users\musan\AppData\Local\Temp




Periodic native trim disabled

---------------  S Y S T E M  ---------------

OS:
 Windows 11 , 64 bit Build 26100 (10.0.26100.4768)
OS uptime: 10 days 23:21 hours
Hyper-V role detected

CPU: total 4 (initial active 4) (4 cores per cpu, 2 threads per core) family 23 model 24 stepping 1 microcode 0x8108109, cx8, cmov, fxsr, ht, mmx, 3dnowpref, sse, sse2, sse3, ssse3, sse4a, sse4.1, sse4.2, popcnt, lzcnt, tsc, tscinvbit, avx, avx2, aes, clmul, bmi1, bmi2, adx, sha, fma, vzeroupper, clflush, clflushopt, hv, rdtscp, f16c
Processor Information for the first 4 processors :
  Max Mhz: 2400, Current Mhz: 2400, Mhz Limit: 2400

Memory: 4k page, system-wide physical 6020M (714M free)
TotalPageFile size 24452M (AvailPageFile size 0M)
current process WorkingSet (physical memory assigned to process): 21M, peak: 112M
current process commit charge ("private bytes"): 163M, peak: 178M

vm_info: Java HotSpot(TM) 64-Bit Server VM (24.0.1+9-30) for windows-amd64 JRE (24.0.1+9-30), built on 2025-03-05T07:23:45Z with MS VC++ 17.6 (VS2022)

END.
